<?xml version="1.0" encoding="UTF-8"?>
<testng-results ignored="0" total="1" passed="1" failed="0" skipped="0">
  <reporter-output>
  </reporter-output>
  <suite started-at="2026-03-01T20:43:55 IST" name="Default suite" finished-at="2026-03-01T20:44:00 IST" duration-ms="4960">
    <groups>
    </groups>
    <test started-at="2026-03-01T20:43:55 IST" name="Default test" finished-at="2026-03-01T20:44:00 IST" duration-ms="4960">
      <class name="tarun.Aboard.LoginTest">
        <test-method is-config="true" signature="setup()[pri:0, instance:tarun.Aboard.LoginTest@2d3379b4]" started-at="2026-03-01T20:43:55 IST" name="setup" finished-at="2026-03-01T20:44:00 IST" duration-ms="4557" status="PASS">
          <reporter-output>
          </reporter-output>
        </test-method> <!-- setup -->
        <test-method signature="verifyTitle()[pri:0, instance:tarun.Aboard.LoginTest@2d3379b4]" started-at="2026-03-01T20:44:00 IST" name="verifyTitle" finished-at="2026-03-01T20:44:00 IST" duration-ms="29" status="PASS">
          <reporter-output>
          </reporter-output>
        </test-method> <!-- verifyTitle -->
        <test-method is-config="true" signature="tearDown()[pri:0, instance:tarun.Aboard.LoginTest@2d3379b4]" started-at="2026-03-01T20:44:00 IST" name="tearDown" finished-at="2026-03-01T20:44:00 IST" duration-ms="329" status="PASS">
          <reporter-output>
          </reporter-output>
        </test-method> <!-- tearDown -->
      </class> <!-- tarun.Aboard.LoginTest -->
    </test> <!-- Default test -->
  </suite> <!-- Default suite -->
</testng-results>
